1548007788057:help
1548007795318:delete-author 1
1548007907480:help
1548007913878:delete-author 1
1548014408909:help
1548014413473:get-unused-authors
1548015659658:help
1548015666260:get-unused-authors
1548022053029:get-all-authors
1548022128385:stacktrace
1548022478376:help
1548022484836:get-all-authors
1548022639625:help
1548022644683:get-all-authors
1548275024902:help
1548275033887:get-genre-by-id 2
1548275108118:help
1548275114564:get-genre-by-id 2
1548275122684:get-genre-by-id 7
1548275205426:help
1548275211394:get-author-by-id 3
1548275369876:get-all-authors
1548275380907:get-all-genres
1550396890677:рудз
1550396894609:help
1550396901369:get-all-authors
1550399898067:help
1550399906090:get-all-comments
1550400112388:help
1550400117450:get-all-comments
1550400440825:help
1550400446698:get-all-genres
1550400473370:get-comment-by-id 2
1550400481593:stacktrace
1550400598660:get-comment-by-id 2
1550400604713:help
1550400612690:get-all-comments
1550400681730:get-comment-by-id 1
1550400746516:help
1550400756467:get-all-comments
1550400778867:get-comment-by-id 1
1550400860348:help
1550400867186:get-all-comments
1550401014333:help
1550401023450:get-all-comments
1550408199507:help
1550408208674:add-author T Test
1550408215873:stacktrace
1550408404268:add-author T Test
1550408424850:stacktrace
1550408488572:add-author T Test
1550408668163:help
1550408675218:add-author T Test
1550408768993:stacktrace
1550408824043:help
1550408829186:add-author T T
1550408836369:get-all-authors
1550408975083:help
1550408982074:delete-author 3
1550408991321:stacktrace
1550409230107:help
1550409235114:delete-author 3
1550409675738:get-all-authors
1550409734692:help
1550409743347:delete-author 3
1550409751066:get-all-authors
1550929462485:help
1550929469739:get-unused-authors
1550929506212:help
1550929511315:get-unused-authors
1550930418844:help
1550930424387:get-all-books
1550930440115:stacktrace
1550930564572:help
1550930569355:get-all-books
1550930582171:stacktrace
1550933888391:get-all-books
1550933929388:help
1550933940084:get-book-by-id 2
1550933953420:delete-author 2
1550934132748:get-all-authors
1550942133921:help
1550942154272:add-author TTT TT
1550942163679:get-all-authors
1550942182223:delete-author 20
1550942191527:get-all-authors
1550942207247:get-all-comments
1550942253086:help
1550942258726:get-all-books
1550942356167:get-all-genres
1550942370631:get-author-by-id 4
1550942387599:get-book-by-id 3
1550942409215:get-comment-by-id 5
1550942420575:get-genre-by-id 5
1550942434119:get-average-mark-by-book 1
1550942441407:get-average-mark-by-book 2
1550942446007:get-average-mark-by-book 3
1550942450863:get-average-mark-by-book 4
1551004179084:help
1551004189362:add-author Test New
1551004201906:add-genre Тест
1551004278393:stacktrace
1551004400276:add-genre Тест
1551004747337:help
1551004793187:add-comment 4 8 Test testComment
1551004839865:help
1551004847842:add-genre Test
1551004906298:add-book Test 100 2,3 4,5
1551004931482:add-book Test2 1000 2,3,4 20
1551004936617:get-all-books
1551004957842:get-all-authors
1551004965097:get-all-genres
1551004970810:help
1551004980610:get-all-comments
1551005004001:get-author-by-id 3
1551005013810:get-average-mark-by-book 1
1551005016817:get-average-mark-by-book 3
1551005115482:get-average-mark-by-book 4
1551005351105:get-book-by-id 20
1551005364225:get-comment-by-id 4
1551005372578:get-genre-by-id 1
1551005380266:get-unused-authors
1551006953915:help
1551006969940:get-comments-by-book ост
1551006996891:get-average-mark-by-book 1
1551007000483:get-average-mark-by-book 3
1551007023090:get-all-comments
1551007075355:add-comment 3 5 тест тест
1551007083802:get-all-comments
1551007420549:get-comments-by-book ост
1551008013852:help
1551008047332:add-comment 3 9 Test test
1551008055139:get-all-comments
1551008076099:get-comments-by-book ост
1551008084690:stacktrace
1551008325478:get-comments-by-book ост
1551008348755:stacktrace
1551008418903:get-comments-by-book ост
